<?xml version="1.0" encoding="UTF-8"?>
<!-- Generated by org.testng.reporters.JUnitXMLReporter -->
<testsuite ignored="0" hostname="DESKTOP-AC17OJ5" failures="0" tests="8" name="Laboratorio" time="39.354" errors="0" timestamp="2022-04-19T23:47:35 ART">
  <testcase classname="Edit.EducacionIt.Laboratorio2" name="lab2_E1" time="4.058"/>
  <testcase classname="Edit.EducacionIt.Laboratorio2" name="lab1_E3" time="5.388"/>
  <testcase classname="Edit.EducacionIt.Laboratorio1" name="lab1_E1" time="4.984"/>
  <testcase classname="Edit.EducacionIt.Laboratorio1" name="lab1_E2" time="7.556"/>
  <testcase classname="Edit.EducacionIt.Laboratorio1" name="lab1_E3" time="7.998"/>
  <testcase classname="Edit.EducacionIt.Laboratorio1" name="lab1_test" time="0.0"/>
  <testcase classname="Edit.EducacionIt.Laboratorio3_Ejercicio1" name="test" time="0.0"/>
  <testcase classname="Edit.EducacionIt.AppTest" name="shouldAnswerWithTrue" time="0.001"/>
</testsuite> <!-- Laboratorio -->
