<?xml version="1.0" encoding="UTF-8"?>
<!-- Generated by org.testng.reporters.JUnitXMLReporter -->
<testsuite ignored="0" hostname="DESKTOP-AC17OJ5" failures="0" tests="6" name="Test" time="28.531" errors="0" timestamp="2022-04-13T21:26:36 ART">
  <testcase classname="Edit.EducacionIt.Laboratorio2" name="lab2_E1" time="10.36"/>
  <testcase classname="Edit.EducacionIt.Laboratorio1" name="lab1_E1" time="4.849"/>
  <testcase classname="Edit.EducacionIt.Laboratorio1" name="lab1_E2" time="6.853"/>
  <testcase classname="Edit.EducacionIt.Laboratorio1" name="lab1_E3" time="6.432"/>
  <testcase classname="Edit.EducacionIt.Laboratorio1" name="lab1_test" time="0.001"/>
  <testcase classname="Edit.EducacionIt.AppTest" name="shouldAnswerWithTrue" time="0.003"/>
</testsuite> <!-- Test -->
