<?xml version="1.0" encoding="UTF-8"?>
<!-- Generated by org.testng.reporters.JUnitXMLReporter -->
<testsuite ignored="1" hostname="DESKTOP-AC17OJ5" failures="0" tests="1" name="Default test" time="10.474" errors="0" timestamp="2022-05-01T20:42:58 ART">
  <testcase classname="EducacionIT.ProyectoX.Laboratorio2" name="buscarPalabraChrome" time="10.448"/>
  <testcase classname="EducacionIT.ProyectoX.Laboratorio2" name="buscarPalabraFirefox" time="0.0">
    <ignored/>
  </testcase> <!-- buscarPalabraFirefox -->
</testsuite> <!-- Default test -->
