<?xml version="1.0" encoding="UTF-8"?>
<testng-results ignored="1" total="2" passed="1" failed="0" skipped="0">
  <reporter-output>
  </reporter-output>
  <suite started-at="2022-05-01T20:42:47 ART" name="Default suite" finished-at="2022-05-01T20:42:58 ART" duration-ms="10474">
    <groups>
    </groups>
    <test started-at="2022-05-01T20:42:47 ART" name="Default test" finished-at="2022-05-01T20:42:58 ART" duration-ms="10474">
      <class name="EducacionIT.ProyectoX.Laboratorio2">
        <test-method signature="buscarPalabraChrome()[pri:0, instance:EducacionIT.ProyectoX.Laboratorio2@62150f9e]" started-at="2022-05-01T20:42:47 ART" name="buscarPalabraChrome" finished-at="2022-05-01T20:42:58 ART" duration-ms="10448" status="PASS">
          <reporter-output>
          </reporter-output>
        </test-method> <!-- buscarPalabraChrome -->
      </class> <!-- EducacionIT.ProyectoX.Laboratorio2 -->
    </test> <!-- Default test -->
  </suite> <!-- Default suite -->
</testng-results>
