<?xml version="1.0" encoding="UTF-8"?>
<!-- Generated by org.testng.reporters.JUnitXMLReporter -->
<testsuite ignored="0" hostname="DESKTOP-AC17OJ5" failures="0" tests="4" name="Default test" time="19.893" errors="0" timestamp="2022-05-27T14:35:23 ART">
  <testcase classname="Edit.EducacionIt.Laboratorio1" name="lab1_E1" time="5.591"/>
  <testcase classname="Edit.EducacionIt.Laboratorio1" name="lab1_E2" time="7.625"/>
  <testcase classname="Edit.EducacionIt.Laboratorio1" name="lab1_E3" time="6.646"/>
  <testcase classname="Edit.EducacionIt.Laboratorio1" name="lab1_test" time="0.0"/>
</testsuite> <!-- Default test -->
