<?xml version="1.0" encoding="UTF-8"?>
<!-- Generated by org.testng.reporters.JUnitXMLReporter -->
<testsuite ignored="0" hostname="DESKTOP-AC17OJ5" failures="0" tests="3" name="Login,AddUser,DeleteUser,Firefox" time="0.009" errors="0" timestamp="2022-05-27T11:34:21 ART">
  <testcase classname="EducacionIT.OpenHRM.Test_BonusTrack2b" name="@BeforeTest setUp" time="-1.653662061422E9">
    <failure type="org.testng.TestNGException" message="
Parameter &amp;apos;navegador&amp;apos; is required by BeforeTest on method setUp but has not been marked @Optional or defined
in C:\Users\ReDe\eclipse-workspace\OpenHRM\testngCrossBrowser.xml">
      <![CDATA[org.testng.TestNGException: 
Parameter 'navegador' is required by BeforeTest on method setUp but has not been marked @Optional or defined
in C:\Users\ReDe\eclipse-workspace\OpenHRM\testngCrossBrowser.xml
... Removed 21 stack frames]]>
    </failure>
  </testcase> <!-- @BeforeTest setUp -->
  <testcase classname="EducacionIT.OpenHRM.Test_BonusTrack2b" name="loginHRM" time="0.001">
    <skipped/>
  </testcase> <!-- loginHRM -->
  <testcase classname="EducacionIT.OpenHRM.Test_BonusTrack2b" name="addUSER" time="0.001">
    <skipped/>
  </testcase> <!-- addUSER -->
  <testcase classname="EducacionIT.OpenHRM.Test_BonusTrack2b" name="delUser" time="0.0">
    <skipped/>
  </testcase> <!-- delUser -->
</testsuite> <!-- Login,AddUser,DeleteUser,Firefox -->
