<?xml version="1.0" encoding="UTF-8"?>
<!-- Generated by org.testng.reporters.JUnitXMLReporter -->
<testsuite ignored="0" hostname="DESKTOP-AC17OJ5" failures="0" tests="3" name="Login,AddUser,DeleteUser,Chrome,Firefox" time="19.814" errors="0" timestamp="2022-05-27T12:56:49 ART">
  <testcase classname="EducacionIT.OpenHRM.Test_BonusTrack2b" name="loginHRM" time="5.206"/>
  <testcase classname="EducacionIT.OpenHRM.Test_BonusTrack2b" name="addUSER" time="4.544"/>
  <testcase classname="EducacionIT.OpenHRM.Test_BonusTrack2b" name="delUser" time="4.96"/>
</testsuite> <!-- Login,AddUser,DeleteUser,Chrome,Firefox -->
